[32mâœ“[0m Connected to cloud
2024-11-06 07:01:29,488 - INFO - Location: [32mcollingwood ontario[0m, Day: [35m0[0m, Check digits: [36m745523[0m
2024-11-07 08:01:19,412 - INFO - Location: [32mSt. Louis[0m, Day: [35m0[0m, Check digits: [36m930114[0m
2024-11-07 08:01:33,333 - INFO - Location: [32mSt. Louis[0m, Day: [35m1[0m, Check digits: [36m141763[0m
2024-11-08 05:34:29,962 - INFO - Location: [32mSaint Louis[0m, Day: [35m0[0m, Check digits: [36m472845[0m
2024-11-08 05:34:53,182 - INFO - Location: [32mSaint louis[0m, Day: [35m0[0m, Check digits: [36m894877[0m
2024-11-08 11:05:06,446 - INFO - Location: [32mbeijing[0m, Day: [35m0[0m, Check digits: [36m247295[0m
2024-11-08 11:05:32,325 - INFO - Location: [32mbeijing[0m, Day: [35m1[0m, Check digits: [36m502377[0m
2024-11-08 11:05:51,962 - INFO - Location: [32mbeijing[0m, Day: [35m0[0m, Check digits: [36m426006[0m
2024-11-08 11:47:26,702 - INFO - Location: [32mNew York[0m, Day: [35m0[0m, Check digits: [36m483156[0m
2024-11-08 11:47:34,130 - INFO - Location: [32mNew York[0m, Day: [35m1[0m, Check digits: [36m383626[0m
2024-11-08 13:39:47,585 - INFO - Location: [32mHonolulu[0m, Day: [35m0[0m, Check digits: [36m469465[0m
2024-11-08 13:39:54,965 - INFO - Location: [32mHonolulu[0m, Day: [35m1[0m, Check digits: [36m999728[0m
2024-11-08 13:40:10,417 - INFO - Location: [32mHonolulu[0m, Day: [35m0[0m, Check digits: [36m267397[0m
2024-11-08 13:40:21,646 - INFO - Location: [32mHonolulu[0m, Day: [35m1[0m, Check digits: [36m183078[0m
2024-11-08 13:40:28,790 - INFO - Location: [32mHonolulu[0m, Day: [35m2[0m, Check digits: [36m497683[0m
2024-11-08 13:40:50,496 - INFO - Location: [32mTokyo[0m, Day: [35m0[0m, Check digits: [36m924717[0m
2024-11-08 13:41:07,484 - INFO - Location: [32mTokyo[0m, Day: [35m0[0m, Check digits: [36m317616[0m
2024-11-08 17:12:06,544 - INFO - Location: [32mTraverse City[0m, Day: [35m0[0m, Check digits: [36m926121[0m
2024-11-08 17:12:22,386 - INFO - Location: [32mTraverse City[0m, Day: [35m1[0m, Check digits: [36m317787[0m
2024-11-08 17:12:50,362 - INFO - Location: [32mTraverse City[0m, Day: [35m2[0m, Check digits: [36m800116[0m
2024-11-08 21:44:58,397 - INFO - Location: [32mSkokie[0m, Day: [35m0[0m, Check digits: [36m139924[0m
2024-11-10 11:13:47,766 - INFO - Location: [32mVirginia[0m, Day: [35m0[0m, Check digits: [36m934137[0m
Traceback (most recent call last):
  File "/home/ec2-user/.local/lib/python3.7/site-packages/requests/models.py", line 971, in json
    return complexjson.loads(self.text, **kwargs)
  File "/usr/lib64/python3.7/site-packages/simplejson/__init__.py", line 488, in loads
    return _default_decoder.decode(s)
  File "/usr/lib64/python3.7/site-packages/simplejson/decoder.py", line 374, in decode
    obj, end = self.raw_decode(s)
  File "/usr/lib64/python3.7/site-packages/simplejson/decoder.py", line 393, in raw_decode
    return self.scan_once(s, idx=_w(s, idx).end())
simplejson.scanner.JSONDecodeError: Expecting value: line 1 column 1 (char 0)

During handling of the above exception, another exception occurred:

Traceback (most recent call last):
  File "weather.py", line 177, in <module>
    cwdata, code = currentweather(location, checkdigits)
  File "weather.py", line 55, in currentweather
    data, code = weather(location)
  File "weather.py", line 42, in weather
    json = response.json()
  File "/home/ec2-user/.local/lib/python3.7/site-packages/requests/models.py", line 975, in json
    raise RequestsJSONDecodeError(e.msg, e.doc, e.pos)
requests.exceptions.JSONDecodeError: Expecting value: line 1 column 1 (char 0)
