[32mâœ“[0m Connected to cloud
2024-05-06 07:50:24,388 - INFO - Location: [32mHorace, ND[0m, Day: [35m0[0m, Check digits: [36m148011[0m
2024-05-06 07:50:44,158 - INFO - Location: [32mEngland[0m, Day: [35m0[0m, Check digits: [36m302257[0m
2024-05-06 07:50:54,590 - INFO - Location: [32mEngland[0m, Day: [35m1[0m, Check digits: [36m179120[0m
2024-05-06 07:52:03,073 - INFO - Location: [32mOklahoma[0m, Day: [35m0[0m, Check digits: [36m259474[0m
2024-05-06 07:52:09,370 - INFO - Location: [32mOklahoma[0m, Day: [35m1[0m, Check digits: [36m726001[0m
2024-05-06 07:52:20,773 - INFO - Location: [32mCharlotte[0m, Day: [35m0[0m, Check digits: [36m501854[0m
2024-05-06 07:52:26,144 - INFO - Location: [32mNew York[0m, Day: [35m0[0m, Check digits: [36m848414[0m
2024-05-06 07:52:33,340 - INFO - Location: [32mCharlotte[0m, Day: [35m0[0m, Check digits: [36m388977[0m
2024-05-06 07:53:08,103 - INFO - Location: [32mOklahoma[0m, Day: [35m2[0m, Check digits: [36m532031[0m
2024-05-06 07:53:20,760 - INFO - Location: [32mGuthrie, Oklahoma[0m, Day: [35m0[0m, Check digits: [36m901112[0m
2024-05-06 07:53:26,977 - INFO - Location: [32mGuthrie, Oklahoma[0m, Day: [35m1[0m, Check digits: [36m754512[0m
2024-05-06 07:54:01,606 - INFO - Location: [32mGuthrie ~ Oklahoma[0m, Day: [35m0[0m, Check digits: [36m453319[0m
2024-05-06 07:54:06,855 - INFO - Location: [32mUnited kingdom[0m, Day: [35m0[0m, Check digits: [36m464329[0m
2024-05-06 07:54:12,025 - INFO - Location: [32mchigoco[0m, Day: [35m0[0m, Check digits: [36m332680[0m
2024-05-06 07:54:19,277 - INFO - Location: [32mchigoco[0m, Day: [35m1[0m, Check digits: [36m754590[0m
2024-05-06 07:54:25,302 - INFO - Location: [32mGuthrie~Oklahoma[0m, Day: [35m0[0m, Check digits: [36m285402[0m
2024-05-06 07:54:30,515 - INFO - Location: [32mGuthrie~Oklahoma[0m, Day: [35m1[0m, Check digits: [36m212100[0m
2024-05-06 07:54:56,787 - INFO - Location: [32mMiami[0m, Day: [35m0[0m, Check digits: [36m274094[0m
2024-05-06 07:55:13,160 - INFO - Location: [32mMiami[0m, Day: [35m0[0m, Check digits: [36m573644[0m
2024-05-06 07:55:33,265 - INFO - Location: [32mGuadalajara[0m, Day: [35m0[0m, Check digits: [36m379088[0m
2024-05-06 07:55:38,364 - INFO - Location: [32mMiami[0m, Day: [35m1[0m, Check digits: [36m762914[0m
2024-05-06 07:55:48,629 - INFO - Location: [32mGuadalajara[0m, Day: [35m1[0m, Check digits: [36m973491[0m
2024-05-06 07:56:01,282 - INFO - Location: [32mGuadalajara[0m, Day: [35m1[0m, Check digits: [36m299497[0m
2024-05-06 07:56:07,301 - INFO - Location: [32mTepic[0m, Day: [35m0[0m, Check digits: [36m798801[0m
2024-05-06 07:56:32,769 - INFO - Location: [32mmesquite[0m, Day: [35m0[0m, Check digits: [36m360452[0m
2024-05-06 07:56:56,391 - INFO - Location: [32mmesquite[0m, Day: [35m1[0m, Check digits: [36m231534[0m
2024-05-06 07:57:02,436 - INFO - Location: [32mFrance[0m, Day: [35m0[0m, Check digits: [36m354406[0m
2024-05-06 07:57:16,995 - INFO - Location: [32mFrance[0m, Day: [35m0[0m, Check digits: [36m101607[0m
2024-05-06 07:57:22,151 - INFO - Location: [32mSan Fransisco[0m, Day: [35m0[0m, Check digits: [36m172078[0m
2024-05-06 07:57:27,241 - INFO - Location: [32mFrance[0m, Day: [35m1[0m, Check digits: [36m534613[0m
2024-05-06 07:57:33,405 - INFO - Location: [32mmesquite[0m, Day: [35m2[0m, Check digits: [36m442958[0m
2024-05-06 07:57:39,579 - INFO - Location: [32mjapan[0m, Day: [35m0[0m, Check digits: [36m500603[0m
2024-05-06 07:57:44,699 - INFO - Location: [32mmesquite[0m, Day: [35m2[0m, Check digits: [36m727158[0m
2024-05-06 07:57:50,713 - INFO - Location: [32mjapan[0m, Day: [35m1[0m, Check digits: [36m869067[0m
2024-05-06 07:57:59,906 - INFO - Location: [32mmesquite[0m, Day: [35m0[0m, Check digits: [36m714519[0m
2024-05-06 07:58:37,821 - INFO - Location: [32mmarlton[0m, Day: [35m0[0m, Check digits: [36m879948[0m
2024-05-06 07:58:44,336 - INFO - Location: [32mcarrolton[0m, Day: [35m0[0m, Check digits: [36m100596[0m
2024-05-06 07:58:49,527 - INFO - Location: [32mSan Fransisco[0m, Day: [35m1[0m, Check digits: [36m784708[0m
2024-05-06 07:58:55,533 - INFO - Location: [32mOhio[0m, Day: [35m0[0m, Check digits: [36m486794[0m
2024-05-06 07:59:00,631 - INFO - Location: [32mcarrolton[0m, Day: [35m1[0m, Check digits: [36m524887[0m
2024-05-06 07:59:06,814 - INFO - Location: [32mHicksville[0m, Day: [35m0[0m, Check digits: [36m301579[0m
2024-05-06 07:59:12,044 - INFO - Location: [32mcarrolton[0m, Day: [35m2[0m, Check digits: [36m163738[0m
2024-05-06 07:59:39,468 - INFO - Location: [32mHicksville[0m, Day: [35m1[0m, Check digits: [36m839293[0m
2024-05-06 07:59:56,090 - INFO - Location: [32mHicksville New york[0m, Day: [35m0[0m, Check digits: [36m855704[0m
2024-05-06 08:00:02,554 - INFO - Location: [32mMagdeburg[0m, Day: [35m0[0m, Check digits: [36m391007[0m
2024-05-06 08:00:25,521 - INFO - Location: [32mToronto[0m, Day: [35m0[0m, Check digits: [36m619274[0m
2024-05-06 08:00:43,585 - INFO - Location: [32mBrooklyn Park[0m, Day: [35m0[0m, Check digits: [36m264940[0m
2024-05-06 08:00:52,273 - INFO - Location: [32mToronto[0m, Day: [35m0[0m, Check digits: [36m883882[0m
2024-05-06 08:01:02,212 - INFO - Location: [32mSan Fransisco[0m, Day: [35m0[0m, Check digits: [36m606727[0m
2024-05-06 08:01:27,288 - INFO - Location: [32mToronto[0m, Day: [35m1[0m, Check digits: [36m890043[0m
2024-05-06 08:01:37,071 - INFO - Location: [32mToronto[0m, Day: [35m0[0m, Check digits: [36m454913[0m
2024-05-06 08:01:51,679 - INFO - Location: [32momaha[0m, Day: [35m0[0m, Check digits: [36m974359[0m
2024-05-06 08:01:57,497 - INFO - Location: [32mBrooklyn Park[0m, Day: [35m0[0m, Check digits: [36m240454[0m
2024-05-06 08:02:15,681 - INFO - Location: [32mwashington[0m, Day: [35m0[0m, Check digits: [36m749785[0m
2024-05-06 08:02:23,082 - INFO - Location: [32momaha[0m, Day: [35m1[0m, Check digits: [36m345986[0m
2024-05-06 08:02:29,229 - INFO - Location: [32mwashington[0m, Day: [35m1[0m, Check digits: [36m272120[0m
2024-05-06 08:02:35,731 - INFO - Location: [32mBrooklyn Park[0m, Day: [35m1[0m, Check digits: [36m803753[0m
2024-05-06 08:02:48,209 - INFO - Location: [32mSan luis potosi[0m, Day: [35m0[0m, Check digits: [36m607974[0m
2024-05-06 08:02:56,285 - INFO - Location: [32mSan Fransisco[0m, Day: [35m1[0m, Check digits: [36m177424[0m
2024-05-06 08:03:05,558 - INFO - Location: [32mSan luis potosi[0m, Day: [35m0[0m, Check digits: [36m943272[0m
2024-05-06 08:03:22,269 - INFO - Location: [32mSan luis potosi[0m, Day: [35m0[0m, Check digits: [36m122159[0m
2024-05-06 08:03:33,761 - INFO - Location: [32menglish[0m, Day: [35m0[0m, Check digits: [36m480893[0m
2024-05-06 08:03:41,228 - INFO - Location: [32menglish[0m, Day: [35m1[0m, Check digits: [36m673850[0m
2024-05-06 08:03:48,338 - INFO - Location: [32mpolish[0m, Day: [35m0[0m, Check digits: [36m228549[0m
2024-05-06 08:03:55,693 - INFO - Location: [32mDetroit[0m, Day: [35m0[0m, Check digits: [36m190545[0m
2024-05-06 08:04:00,886 - INFO - Location: [32mpolish[0m, Day: [35m1[0m, Check digits: [36m402222[0m
2024-05-06 08:04:11,406 - INFO - Location: [32mOrlando[0m, Day: [35m0[0m, Check digits: [36m301485[0m
2024-05-06 08:04:16,471 - INFO - Location: [32mDetroit[0m, Day: [35m1[0m, Check digits: [36m158518[0m
2024-05-06 08:04:23,557 - INFO - Location: [32mOrlando[0m, Day: [35m1[0m, Check digits: [36m611008[0m
2024-05-06 08:04:35,951 - INFO - Location: [32mDetroit[0m, Day: [35m2[0m, Check digits: [36m427840[0m
2024-05-06 08:04:46,406 - INFO - Location: [32mDetroit[0m, Day: [35m3[0m, Check digits: [36m199987[0m
2024-05-06 08:05:39,305 - INFO - Location: [32mToledo[0m, Day: [35m0[0m, Check digits: [36m144680[0m
2024-05-06 08:05:46,735 - INFO - Location: [32mfountain[0m, Day: [35m0[0m, Check digits: [36m987192[0m
2024-05-06 08:05:53,966 - INFO - Location: [32mToledo[0m, Day: [35m1[0m, Check digits: [36m252549[0m
2024-05-06 08:06:00,092 - INFO - Location: [32mfountain[0m, Day: [35m1[0m, Check digits: [36m544945[0m
2024-05-06 08:06:06,140 - INFO - Location: [32mSunnyvale[0m, Day: [35m0[0m, Check digits: [36m331834[0m
2024-05-06 08:06:17,733 - INFO - Location: [32mnebraska[0m, Day: [35m0[0m, Check digits: [36m689399[0m
2024-05-06 08:06:23,179 - INFO - Location: [32mFountain CO[0m, Day: [35m0[0m, Check digits: [36m401770[0m
2024-05-06 08:06:28,415 - INFO - Location: [32mSunnyvale[0m, Day: [35m1[0m, Check digits: [36m312079[0m
2024-05-06 08:06:34,456 - INFO - Location: [32mFountain CO[0m, Day: [35m1[0m, Check digits: [36m695979[0m
2024-05-06 08:06:43,660 - INFO - Location: [32mMarshall[0m, Day: [35m0[0m, Check digits: [36m694063[0m
2024-05-06 08:06:55,192 - INFO - Location: [32mSan luis potosi[0m, Day: [35m1[0m, Check digits: [36m105141[0m
2024-05-06 08:07:01,445 - INFO - Location: [32mDenver[0m, Day: [35m0[0m, Check digits: [36m439784[0m
2024-05-06 08:07:06,546 - INFO - Location: [32mur[0m, Day: [35m0[0m, Check digits: [36m444744[0m
2024-05-06 08:07:11,786 - INFO - Location: [32momaha[0m, Day: [35m0[0m, Check digits: [36m688264[0m
2024-05-06 08:07:16,807 - INFO - Location: [32mjkhjlgjhgj[0m, Day: [35m0[0m, Check digits: [36m601355[0m
2024-05-06 08:07:21,910 - INFO - Location: [32momaha[0m, Day: [35m1[0m, Check digits: [36m315338[0m
2024-05-06 08:07:28,997 - INFO - Location: [32momaha[0m, Day: [35m2[0m, Check digits: [36m406655[0m
2024-05-06 08:07:35,164 - INFO - Location: [32mMarshall, IL[0m, Day: [35m0[0m, Check digits: [36m955671[0m
2024-05-06 08:07:41,360 - INFO - Location: [32mriga[0m, Day: [35m0[0m, Check digits: [36m172200[0m
2024-05-06 08:07:46,474 - INFO - Location: [32mDenver[0m, Day: [35m1[0m, Check digits: [36m941197[0m
2024-05-06 08:07:52,491 - INFO - Location: [32mMarshall, IL[0m, Day: [35m0[0m, Check digits: [36m120303[0m
2024-05-06 08:08:00,871 - INFO - Location: [32mWilson [0m, Day: [35m0[0m, Check digits: [36m911254[0m
2024-05-06 08:08:06,131 - INFO - Location: [32mMarshall[0m, Day: [35m0[0m, Check digits: [36m713936[0m
2024-05-06 08:08:14,549 - INFO - Location: [32mnc[0m, Day: [35m0[0m, Check digits: [36m535131[0m
2024-05-06 08:08:26,191 - INFO - Location: [32mnc[0m, Day: [35m1[0m, Check digits: [36m154747[0m
2024-05-06 08:08:37,478 - INFO - Location: [32mOklahoma City[0m, Day: [35m0[0m, Check digits: [36m448038[0m
2024-05-06 08:08:42,682 - INFO - Location: [32mMarshall[0m, Day: [35m1[0m, Check digits: [36m997782[0m
2024-05-06 08:08:56,112 - INFO - Location: [32mMelvindale[0m, Day: [35m0[0m, Check digits: [36m140766[0m
2024-05-06 08:09:01,332 - INFO - Location: [32mMarshall[0m, Day: [35m0[0m, Check digits: [36m738301[0m
2024-05-06 08:09:16,941 - INFO - Location: [32mMadid[0m, Day: [35m0[0m, Check digits: [36m428972[0m
2024-05-06 08:09:22,452 - INFO - Location: [32mFountain Colorado[0m, Day: [35m0[0m, Check digits: [36m100683[0m
2024-05-06 08:09:29,739 - INFO - Location: [32mMarshall[0m, Day: [35m0[0m, Check digits: [36m105566[0m
2024-05-06 08:09:37,946 - INFO - Location: [32mFountain Colorado[0m, Day: [35m1[0m, Check digits: [36m854222[0m
2024-05-06 08:09:43,974 - INFO - Location: [32mMadid[0m, Day: [35m1[0m, Check digits: [36m770013[0m
2024-05-06 08:09:49,997 - INFO - Location: [32mMarshall[0m, Day: [35m0[0m, Check digits: [36m383802[0m
2024-05-06 08:10:11,354 - INFO - Location: [32mFountain, Colorado[0m, Day: [35m0[0m, Check digits: [36m248652[0m
2024-05-06 08:10:28,146 - INFO - Location: [32mFountain[0m, Day: [35m0[0m, Check digits: [36m425243[0m
2024-05-06 08:10:52,569 - INFO - Location: [32mOklahoma City[0m, Day: [35m0[0m, Check digits: [36m115332[0m
2024-05-06 08:10:57,594 - INFO - Location: [32mColorado Springs[0m, Day: [35m0[0m, Check digits: [36m274069[0m
2024-05-06 08:11:02,826 - INFO - Location: [32mColorado Springs[0m, Day: [35m0[0m, Check digits: [36m274069[0m
2024-05-06 08:11:07,995 - INFO - Location: [32mScarborough, Maine  [0m, Day: [35m0[0m, Check digits: [36m906763[0m
2024-05-06 08:11:13,131 - INFO - Location: [32mColorado Springs[0m, Day: [35m1[0m, Check digits: [36m190890[0m
2024-05-06 08:11:23,461 - INFO - Location: [32mYale[0m, Day: [35m0[0m, Check digits: [36m636123[0m
2024-05-06 08:11:28,619 - INFO - Location: [32mParis Illinois[0m, Day: [35m0[0m, Check digits: [36m184829[0m
2024-05-06 08:11:33,819 - INFO - Location: [32mScarborough, Maine  [0m, Day: [35m1[0m, Check digits: [36m173619[0m
2024-05-06 08:11:40,057 - INFO - Location: [32mYale[0m, Day: [35m0[0m, Check digits: [36m458047[0m
2024-05-06 08:11:46,131 - INFO - Location: [32mColorado Springs[0m, Day: [35m2[0m, Check digits: [36m334720[0m
2024-05-06 08:11:54,249 - INFO - Location: [32mYale[0m, Day: [35m0[0m, Check digits: [36m962583[0m
2024-05-06 08:11:59,288 - INFO - Location: [32mTulsa[0m, Day: [35m0[0m, Check digits: [36m537613[0m
2024-05-06 08:12:04,574 - INFO - Location: [32mColorado Springs[0m, Day: [35m3[0m, Check digits: [36m960870[0m
2024-05-06 08:12:11,787 - INFO - Location: [32mColorado Springs[0m, Day: [35m3[0m, Check digits: [36m418423[0m
2024-05-06 08:12:22,085 - INFO - Location: [32mScarborough, Maine  [0m, Day: [35m0[0m, Check digits: [36m441724[0m
2024-05-06 08:12:28,435 - INFO - Location: [32mTulsa[0m, Day: [35m0[0m, Check digits: [36m511457[0m
2024-05-06 08:12:42,204 - INFO - Location: [32mTulsa[0m, Day: [35m0[0m, Check digits: [36m570864[0m
2024-05-06 08:12:53,719 - INFO - Location: [32mSpringfield Virginia[0m, Day: [35m0[0m, Check digits: [36m670004[0m
2024-05-06 08:13:08,866 - INFO - Location: [32mSpringfield Virginia[0m, Day: [35m1[0m, Check digits: [36m241186[0m
2024-05-06 08:13:15,083 - INFO - Location: [32mmaine[0m, Day: [35m0[0m, Check digits: [36m656755[0m
2024-05-06 08:13:20,462 - INFO - Location: [32mSpringfield Virginia[0m, Day: [35m0[0m, Check digits: [36m566471[0m
2024-05-06 08:13:33,928 - INFO - Location: [32mmaine[0m, Day: [35m0[0m, Check digits: [36m966079[0m
2024-05-06 08:13:45,290 - INFO - Location: [32mTokyo[0m, Day: [35m0[0m, Check digits: [36m849267[0m
2024-05-06 08:14:03,286 - INFO - Location: [32mjapan[0m, Day: [35m0[0m, Check digits: [36m220400[0m
2024-05-06 08:14:08,739 - INFO - Location: [32mBerlin[0m, Day: [35m0[0m, Check digits: [36m225122[0m
2024-05-06 08:14:13,809 - INFO - Location: [32mKentucky[0m, Day: [35m0[0m, Check digits: [36m616048[0m
2024-05-06 08:14:18,955 - INFO - Location: [32mJapan[0m, Day: [35m0[0m, Check digits: [36m413517[0m
2024-05-06 08:14:24,282 - INFO - Location: [32mBerlin[0m, Day: [35m0[0m, Check digits: [36m445287[0m
2024-05-06 08:14:35,627 - INFO - Location: [32mLondon[0m, Day: [35m0[0m, Check digits: [36m649219[0m
2024-05-06 08:14:40,703 - INFO - Location: [32mBerlin[0m, Day: [35m0[0m, Check digits: [36m140587[0m
2024-05-06 08:14:45,719 - INFO - Location: [32mLondon[0m, Day: [35m1[0m, Check digits: [36m419752[0m
2024-05-06 08:14:51,760 - INFO - Location: [32mSan Francisco[0m, Day: [35m0[0m, Check digits: [36m796178[0m
2024-05-06 08:14:56,974 - INFO - Location: [32mBerlin[0m, Day: [35m0[0m, Check digits: [36m830562[0m
2024-05-06 08:15:04,277 - INFO - Location: [32mSan Fransisco[0m, Day: [35m0[0m, Check digits: [36m928293[0m
2024-05-06 08:15:32,547 - INFO - Location: [32mSpain[0m, Day: [35m0[0m, Check digits: [36m493543[0m
2024-05-06 08:15:39,033 - INFO - Location: [32mSpain[0m, Day: [35m1[0m, Check digits: [36m656089[0m
2024-05-06 08:15:48,226 - INFO - Location: [32mNUE[0m, Day: [35m0[0m, Check digits: [36m254679[0m
2024-05-06 08:16:02,864 - INFO - Location: [32mNUE[0m, Day: [35m1[0m, Check digits: [36m771753[0m
2024-05-06 08:16:16,683 - INFO - Location: [32mNUE[0m, Day: [35m1[0m, Check digits: [36m775586[0m
2024-05-06 08:16:46,159 - INFO - Location: [32mWuerzburg[0m, Day: [35m0[0m, Check digits: [36m523585[0m
2024-05-06 08:17:12,764 - INFO - Location: [32mKreutzwertheim[0m, Day: [35m0[0m, Check digits: [36m950361[0m
2024-05-06 08:18:03,432 - INFO - Location: [32mMarshall, Illinois, United States[0m, Day: [35m0[0m, Check digits: [36m993862[0m
2024-05-06 08:18:16,109 - INFO - Location: [32mMarshall, Illinois, United States[0m, Day: [35m0[0m, Check digits: [36m833932[0m
2024-05-06 08:18:27,484 - INFO - Location: [32mMarshall, Illinois, United States[0m, Day: [35m0[0m, Check digits: [36m329860[0m
2024-05-06 08:18:37,945 - INFO - Location: [32mMarshall, Illinois, United States[0m, Day: [35m0[0m, Check digits: [36m998280[0m
2024-05-06 08:18:42,938 - INFO - Location: [32mSan Diego[0m, Day: [35m0[0m, Check digits: [36m818130[0m
2024-05-06 08:18:48,093 - INFO - Location: [32mMarshall, Illinois, United States[0m, Day: [35m1[0m, Check digits: [36m672507[0m
2024-05-06 08:18:55,166 - INFO - Location: [32mSan fransisco[0m, Day: [35m0[0m, Check digits: [36m756245[0m
2024-05-06 08:19:05,572 - INFO - Location: [32mMarshall, Illinois[0m, Day: [35m0[0m, Check digits: [36m606671[0m
2024-05-06 08:19:17,604 - INFO - Location: [32mMustang Oklahoma[0m, Day: [35m0[0m, Check digits: [36m378099[0m
2024-05-06 08:19:31,687 - INFO - Location: [32mSantiago de Compostela[0m, Day: [35m0[0m, Check digits: [36m594551[0m
2024-05-06 08:19:41,226 - INFO - Location: [32mMustang Oklahoma[0m, Day: [35m1[0m, Check digits: [36m489237[0m
2024-05-06 08:19:47,494 - INFO - Location: [32mSantiago de Compostela[0m, Day: [35m1[0m, Check digits: [36m974805[0m
2024-05-06 08:20:39,052 - INFO - Location: [32mNew York[0m, Day: [35m0[0m, Check digits: [36m992337[0m
2024-05-06 08:20:54,876 - INFO - Location: [32mDelaware, Ohio[0m, Day: [35m0[0m, Check digits: [36m158730[0m
2024-05-06 08:21:18,004 - INFO - Location: [32mSt Paul[0m, Day: [35m0[0m, Check digits: [36m195532[0m
2024-05-06 08:21:35,056 - INFO - Location: [32mSt Paul[0m, Day: [35m0[0m, Check digits: [36m164941[0m
2024-05-06 08:21:47,562 - INFO - Location: [32mNew York[0m, Day: [35m1[0m, Check digits: [36m669750[0m
2024-05-06 08:21:54,777 - INFO - Location: [32mNew York[0m, Day: [35m1[0m, Check digits: [36m889988[0m
2024-05-06 08:22:00,904 - INFO - Location: [32mMinnesota[0m, Day: [35m0[0m, Check digits: [36m265774[0m
2024-05-06 08:22:07,529 - INFO - Location: [32mWashington D.C.[0m, Day: [35m0[0m, Check digits: [36m474279[0m
2024-05-06 08:22:16,154 - INFO - Location: [32mMinnesota[0m, Day: [35m0[0m, Check digits: [36m491963[0m
2024-05-06 08:22:21,233 - INFO - Location: [32mNew York[0m, Day: [35m2[0m, Check digits: [36m133996[0m
2024-05-06 08:22:27,425 - INFO - Location: [32mgermany[0m, Day: [35m0[0m, Check digits: [36m142606[0m
2024-05-06 08:22:32,569 - INFO - Location: [32mDelaware, Ohio[0m, Day: [35m1[0m, Check digits: [36m882646[0m
2024-05-06 08:22:41,772 - INFO - Location: [32mgermany[0m, Day: [35m0[0m, Check digits: [36m589992[0m
2024-05-06 08:22:46,861 - INFO - Location: [32mMinnesota[0m, Day: [35m0[0m, Check digits: [36m780347[0m
2024-05-06 08:23:01,382 - INFO - Location: [32mD.C[0m, Day: [35m0[0m, Check digits: [36m346165[0m
2024-05-06 08:23:06,661 - INFO - Location: [32mMinnesota[0m, Day: [35m0[0m, Check digits: [36m248534[0m
2024-05-06 08:23:14,866 - INFO - Location: [32mD.C[0m, Day: [35m0[0m, Check digits: [36m487056[0m
2024-05-06 08:23:22,075 - INFO - Location: [32mMinnesota[0m, Day: [35m0[0m, Check digits: [36m247786[0m
2024-05-06 08:23:31,573 - INFO - Location: [32mD.C[0m, Day: [35m0[0m, Check digits: [36m294548[0m
2024-05-06 08:23:39,997 - INFO - Location: [32mBangkok[0m, Day: [35m0[0m, Check digits: [36m635126[0m
2024-05-06 08:23:47,188 - INFO - Location: [32mRichland Wa[0m, Day: [35m0[0m, Check digits: [36m383405[0m
2024-05-06 08:23:52,340 - INFO - Location: [32mBangkok[0m, Day: [35m1[0m, Check digits: [36m474027[0m
2024-05-06 08:24:00,460 - INFO - Location: [32mBangkok[0m, Day: [35m0[0m, Check digits: [36m964247[0m
2024-05-06 08:24:20,316 - INFO - Location: [32mchattanooga[0m, Day: [35m0[0m, Check digits: [36m432960[0m
2024-05-06 08:24:39,437 - INFO - Location: [32mchattanooga[0m, Day: [35m1[0m, Check digits: [36m923740[0m
2024-05-06 08:26:39,754 - INFO - Location: [32mrochester[0m, Day: [35m0[0m, Check digits: [36m813461[0m
2024-05-06 08:26:52,019 - INFO - Location: [32mTulsa, Oklahoma [0m, Day: [35m0[0m, Check digits: [36m846750[0m
2024-05-06 08:27:08,960 - INFO - Location: [32mTulsa, Oklahoma [0m, Day: [35m0[0m, Check digits: [36m849206[0m
2024-05-06 08:27:58,368 - INFO - Location: [32mSingapore[0m, Day: [35m0[0m, Check digits: [36m317985[0m
2024-05-06 08:28:04,694 - INFO - Location: [32mchilichothe[0m, Day: [35m0[0m, Check digits: [36m477868[0m
2024-05-06 08:28:12,227 - INFO - Location: [32mAurora[0m, Day: [35m0[0m, Check digits: [36m181699[0m
2024-05-06 08:28:17,349 - INFO - Location: [32mSingapore[0m, Day: [35m1[0m, Check digits: [36m586141[0m
2024-05-06 08:28:23,451 - INFO - Location: [32mchilichothe[0m, Day: [35m1[0m, Check digits: [36m791844[0m
2024-05-06 08:28:35,801 - INFO - Location: [32mAurora, Illinois[0m, Day: [35m0[0m, Check digits: [36m369170[0m
2024-05-06 08:28:51,613 - INFO - Location: [32mpaterna[0m, Day: [35m0[0m, Check digits: [36m706983[0m
2024-05-06 08:29:54,023 - INFO - Location: [32mAUZ[0m, Day: [35m0[0m, Check digits: [36m182144[0m
2024-05-06 08:30:10,176 - INFO - Location: [32mAUZ[0m, Day: [35m1[0m, Check digits: [36m922532[0m
2024-05-06 08:30:17,111 - INFO - Location: [32mrhode island[0m, Day: [35m0[0m, Check digits: [36m575349[0m
Traceback (most recent call last):
  File "/home/ec2-user/.local/lib/python3.7/site-packages/urllib3/connectionpool.py", line 710, in urlopen
    chunked=chunked,
  File "/home/ec2-user/.local/lib/python3.7/site-packages/urllib3/connectionpool.py", line 449, in _make_request
    six.raise_from(e, None)
  File "<string>", line 3, in raise_from
  File "/home/ec2-user/.local/lib/python3.7/site-packages/urllib3/connectionpool.py", line 444, in _make_request
    httplib_response = conn.getresponse()
  File "/usr/lib64/python3.7/http/client.py", line 1369, in getresponse
    response.begin()
  File "/usr/lib64/python3.7/http/client.py", line 310, in begin
    version, status, reason = self._read_status()
  File "/usr/lib64/python3.7/http/client.py", line 279, in _read_status
    raise RemoteDisconnected("Remote end closed connection without"
http.client.RemoteDisconnected: Remote end closed connection without response

During handling of the above exception, another exception occurred:

Traceback (most recent call last):
  File "/home/ec2-user/.local/lib/python3.7/site-packages/requests/adapters.py", line 499, in send
    timeout=timeout,
  File "/home/ec2-user/.local/lib/python3.7/site-packages/urllib3/connectionpool.py", line 786, in urlopen
    method, url, error=e, _pool=self, _stacktrace=sys.exc_info()[2]
  File "/home/ec2-user/.local/lib/python3.7/site-packages/urllib3/util/retry.py", line 550, in increment
    raise six.reraise(type(error), error, _stacktrace)
  File "/home/ec2-user/.local/lib/python3.7/site-packages/urllib3/packages/six.py", line 769, in reraise
    raise value.with_traceback(tb)
  File "/home/ec2-user/.local/lib/python3.7/site-packages/urllib3/connectionpool.py", line 710, in urlopen
    chunked=chunked,
  File "/home/ec2-user/.local/lib/python3.7/site-packages/urllib3/connectionpool.py", line 449, in _make_request
    six.raise_from(e, None)
  File "<string>", line 3, in raise_from
  File "/home/ec2-user/.local/lib/python3.7/site-packages/urllib3/connectionpool.py", line 444, in _make_request
    httplib_response = conn.getresponse()
  File "/usr/lib64/python3.7/http/client.py", line 1369, in getresponse
    response.begin()
  File "/usr/lib64/python3.7/http/client.py", line 310, in begin
    version, status, reason = self._read_status()
  File "/usr/lib64/python3.7/http/client.py", line 279, in _read_status
    raise RemoteDisconnected("Remote end closed connection without"
urllib3.exceptions.ProtocolError: ('Connection aborted.', RemoteDisconnected('Remote end closed connection without response'))

During handling of the above exception, another exception occurred:

Traceback (most recent call last):
  File "weather.py", line 177, in <module>
    cwdata, code = currentweather(location, checkdigits)
  File "weather.py", line 55, in currentweather
    data, code = weather(location)
  File "weather.py", line 41, in weather
    response = requests.get(url)
  File "/home/ec2-user/.local/lib/python3.7/site-packages/requests/api.py", line 73, in get
    return request("get", url, params=params, **kwargs)
  File "/home/ec2-user/.local/lib/python3.7/site-packages/requests/api.py", line 59, in request
    return session.request(method=method, url=url, **kwargs)
  File "/home/ec2-user/.local/lib/python3.7/site-packages/requests/sessions.py", line 587, in request
    resp = self.send(prep, **send_kwargs)
  File "/home/ec2-user/.local/lib/python3.7/site-packages/requests/sessions.py", line 701, in send
    r = adapter.send(request, **kwargs)
  File "/home/ec2-user/.local/lib/python3.7/site-packages/requests/adapters.py", line 547, in send
    raise ConnectionError(err, request=request)
requests.exceptions.ConnectionError: ('Connection aborted.', RemoteDisconnected('Remote end closed connection without response'))
