[32mâœ“[0m Connected to cloud
2024-08-14 19:09:04,081 - INFO - Location: [32msan fransisco[0m, Day: [35m0[0m, Check digits: [36m996626[0m
2024-08-15 05:16:17,829 - INFO - Location: [32mDetroit, mi[0m, Day: [35m0[0m, Check digits: [36m401173[0m
2024-08-15 05:16:58,083 - INFO - Location: [32mDetroit, mi[0m, Day: [35m1[0m, Check digits: [36m146905[0m
2024-08-15 05:17:16,926 - INFO - Location: [32mDetroit, mi[0m, Day: [35m2[0m, Check digits: [36m923090[0m
2024-08-15 05:17:59,909 - INFO - Location: [32mDetroit, mi[0m, Day: [35m3[0m, Check digits: [36m548216[0m
2024-08-15 05:19:09,612 - INFO - Location: [32mDetroit, mi[0m, Day: [35m2[0m, Check digits: [36m333609[0m
2024-08-15 05:19:16,804 - INFO - Location: [32mDetroit, mi[0m, Day: [35m1[0m, Check digits: [36m430081[0m
2024-08-15 05:19:23,831 - INFO - Location: [32mDetroit, mi[0m, Day: [35m0[0m, Check digits: [36m762009[0m
2024-08-15 05:20:17,474 - INFO - Location: [32mfarmington, mi[0m, Day: [35m0[0m, Check digits: [36m972141[0m
2024-08-15 05:20:56,552 - INFO - Location: [32mFarmington, MI[0m, Day: [35m0[0m, Check digits: [36m297638[0m
2024-08-15 05:21:13,472 - INFO - Location: [32mDetroit, mi[0m, Day: [35m0[0m, Check digits: [36m515158[0m
2024-08-15 05:21:32,170 - INFO - Location: [32mDetroit, mi[0m, Day: [35m0[0m, Check digits: [36m203866[0m
2024-08-15 05:37:08,219 - INFO - Location: [32mhong kong[0m, Day: [35m0[0m, Check digits: [36m270185[0m
2024-08-16 07:32:42,214 - INFO - Location: [32mDetroit, mi[0m, Day: [35m0[0m, Check digits: [36m115086[0m
2024-08-16 07:32:54,993 - INFO - Location: [32mDetroit, mi[0m, Day: [35m1[0m, Check digits: [36m783423[0m
2024-08-16 08:04:11,294 - INFO - Location: [32mTampere[0m, Day: [35m0[0m, Check digits: [36m508748[0m
2024-08-16 08:04:17,922 - INFO - Location: [32mTampere[0m, Day: [35m1[0m, Check digits: [36m614714[0m
2024-08-16 11:57:04,211 - INFO - Location: [32mChicago[0m, Day: [35m0[0m, Check digits: [36m475604[0m
2024-08-16 11:57:10,771 - INFO - Location: [32mChicago[0m, Day: [35m1[0m, Check digits: [36m123709[0m
2024-08-16 18:07:13,380 - INFO - Location: [32mhong kong[0m, Day: [35m0[0m, Check digits: [36m398286[0m
2024-08-16 18:07:40,007 - INFO - Location: [32mhong kong[0m, Day: [35m1[0m, Check digits: [36m127414[0m
2024-08-17 05:45:49,949 - INFO - Location: [32mSan Fransisco[0m, Day: [35m0[0m, Check digits: [36m496476[0m
2024-08-17 05:45:59,568 - INFO - Location: [32mSan Fransisco[0m, Day: [35m1[0m, Check digits: [36m522832[0m
2024-08-17 05:46:33,001 - INFO - Location: [32mCincinnati[0m, Day: [35m0[0m, Check digits: [36m195914[0m
2024-08-18 11:03:44,322 - INFO - Location: [32mNewport[0m, Day: [35m0[0m, Check digits: [36m584731[0m
2024-08-18 11:04:21,053 - INFO - Location: [32mNewport[0m, Day: [35m1[0m, Check digits: [36m966668[0m
2024-08-18 11:14:09,079 - INFO - Location: [32mParis[0m, Day: [35m0[0m, Check digits: [36m769802[0m
2024-08-18 11:14:17,589 - INFO - Location: [32mParis[0m, Day: [35m1[0m, Check digits: [36m107243[0m
2024-08-18 11:14:24,627 - INFO - Location: [32mParis[0m, Day: [35m2[0m, Check digits: [36m170621[0m
2024-08-18 11:14:33,778 - INFO - Location: [32mParis[0m, Day: [35m1[0m, Check digits: [36m735187[0m
2024-08-18 16:24:05,689 - INFO - Location: [32mCincinnati[0m, Day: [35m0[0m, Check digits: [36m993140[0m
2024-08-18 16:24:16,336 - INFO - Location: [32mCincinnati[0m, Day: [35m1[0m, Check digits: [36m371322[0m
2024-08-18 16:26:10,385 - INFO - Location: [32mCincinnati[0m, Day: [35m2[0m, Check digits: [36m761450[0m
2024-08-18 17:13:16,644 - INFO - Location: [32mHamilton[0m, Day: [35m0[0m, Check digits: [36m835839[0m
2024-08-18 17:13:24,749 - INFO - Location: [32mHamilton[0m, Day: [35m1[0m, Check digits: [36m506398[0m
2024-08-18 19:35:55,834 - INFO - Location: [32mEscondido[0m, Day: [35m0[0m, Check digits: [36m962739[0m
2024-08-18 19:36:11,865 - INFO - Location: [32mEscondido[0m, Day: [35m0[0m, Check digits: [36m173714[0m
2024-08-18 19:36:27,378 - INFO - Location: [32mEscondido[0m, Day: [35m1[0m, Check digits: [36m643537[0m
2024-08-19 03:39:11,434 - INFO - Location: [32mNewport[0m, Day: [35m0[0m, Check digits: [36m724734[0m
2024-08-19 10:08:28,401 - INFO - Location: [32mPlymouth[0m, Day: [35m0[0m, Check digits: [36m883278[0m
2024-08-19 10:08:43,270 - INFO - Location: [32mPlymouth[0m, Day: [35m0[0m, Check digits: [36m263337[0m
2024-08-19 20:58:06,744 - INFO - Location: [32mLos angeles[0m, Day: [35m0[0m, Check digits: [36m131586[0m
2024-08-19 20:58:15,322 - INFO - Location: [32mLos angeles[0m, Day: [35m1[0m, Check digits: [36m265441[0m
2024-08-19 20:58:24,438 - INFO - Location: [32mLos angeles[0m, Day: [35m2[0m, Check digits: [36m317638[0m
2024-08-20 13:41:33,392 - INFO - Location: [32mCincinati[0m, Day: [35m0[0m, Check digits: [36m521503[0m
2024-08-20 13:41:44,463 - INFO - Location: [32mCincinnati[0m, Day: [35m0[0m, Check digits: [36m946439[0m
2024-08-20 13:42:36,095 - INFO - Location: [32mCincinnati[0m, Day: [35m1[0m, Check digits: [36m988462[0m
2024-08-20 13:44:01,948 - INFO - Location: [32mCincinnati[0m, Day: [35m2[0m, Check digits: [36m722547[0m
2024-08-20 13:46:25,610 - INFO - Location: [32mCincinnati,Ohio[0m, Day: [35m0[0m, Check digits: [36m725535[0m
2024-08-20 13:46:31,828 - INFO - Location: [32mCincinnati,Ohio[0m, Day: [35m1[0m, Check digits: [36m959938[0m
2024-08-20 13:47:42,742 - INFO - Location: [32mCincinnati,Ohio[0m, Day: [35m0[0m, Check digits: [36m714845[0m
2024-08-20 22:42:50,663 - INFO - Location: [32mvancouver[0m, Day: [35m0[0m, Check digits: [36m527438[0m
2024-08-20 22:43:06,705 - INFO - Location: [32mvancouver[0m, Day: [35m0[0m, Check digits: [36m443978[0m
2024-08-20 22:43:28,665 - INFO - Location: [32mvancouver[0m, Day: [35m1[0m, Check digits: [36m664416[0m
2024-08-20 22:43:35,980 - INFO - Location: [32mvancouver[0m, Day: [35m1[0m, Check digits: [36m944296[0m
2024-08-20 22:44:47,643 - INFO - Location: [32mmaple ridge[0m, Day: [35m0[0m, Check digits: [36m636940[0m
2024-08-21 09:30:59,039 - INFO - Location: [32mSan Francisco[0m, Day: [35m0[0m, Check digits: [36m513730[0m
2024-08-21 09:31:16,662 - INFO - Location: [32mSan Francisco[0m, Day: [35m1[0m, Check digits: [36m217987[0m
2024-08-21 12:26:41,416 - INFO - Location: [32msofia[0m, Day: [35m0[0m, Check digits: [36m609918[0m
2024-08-21 12:27:06,998 - INFO - Location: [32msofia[0m, Day: [35m1[0m, Check digits: [36m558387[0m
2024-08-21 12:27:24,582 - INFO - Location: [32msofia[0m, Day: [35m2[0m, Check digits: [36m840122[0m
2024-08-21 22:27:01,139 - INFO - Location: [32mWashington[0m, Day: [35m0[0m, Check digits: [36m674731[0m
2024-08-21 22:28:48,878 - INFO - Location: [32mWashington[0m, Day: [35m1[0m, Check digits: [36m474223[0m
2024-08-21 22:30:23,732 - INFO - Location: [32mTexas[0m, Day: [35m0[0m, Check digits: [36m551496[0m
2024-08-22 04:50:31,298 - INFO - Location: [32mSan Francisco[0m, Day: [35m0[0m, Check digits: [36m305589[0m
2024-08-22 04:50:46,178 - INFO - Location: [32mSan Francisco[0m, Day: [35m0[0m, Check digits: [36m458890[0m
2024-08-22 04:51:02,821 - INFO - Location: [32mSan Francisco[0m, Day: [35m0[0m, Check digits: [36m871852[0m
2024-08-22 06:06:50,471 - INFO - Location: [32mNew Delhi[0m, Day: [35m0[0m, Check digits: [36m981209[0m
2024-08-22 06:07:01,108 - INFO - Location: [32mNew Delhi[0m, Day: [35m1[0m, Check digits: [36m558791[0m
2024-08-22 06:07:38,804 - INFO - Location: [32mNew Delhi[0m, Day: [35m0[0m, Check digits: [36m215839[0m
2024-08-22 06:08:40,982 - INFO - Location: [32mNew Delhi[0m, Day: [35m0[0m, Check digits: [36m473293[0m
2024-08-22 06:08:57,720 - INFO - Location: [32mMelborune[0m, Day: [35m0[0m, Check digits: [36m665946[0m
2024-08-22 11:24:17,537 - INFO - Location: [32mJacksonville, Florida[0m, Day: [35m0[0m, Check digits: [36m579498[0m
2024-08-22 11:24:31,409 - INFO - Location: [32mJacksonville, Florida[0m, Day: [35m0[0m, Check digits: [36m395711[0m
2024-08-22 11:24:38,503 - INFO - Location: [32mJacksonville, Florida[0m, Day: [35m1[0m, Check digits: [36m181588[0m
2024-08-22 11:24:45,506 - INFO - Location: [32mJacksonville, Florida[0m, Day: [35m2[0m, Check digits: [36m552531[0m
2024-08-22 11:24:52,666 - INFO - Location: [32mJacksonville, Florida[0m, Day: [35m3[0m, Check digits: [36m480995[0m
2024-08-22 11:24:59,669 - INFO - Location: [32mJacksonville, Florida[0m, Day: [35m2[0m, Check digits: [36m236078[0m
2024-08-22 11:25:06,665 - INFO - Location: [32mJacksonville, Florida[0m, Day: [35m1[0m, Check digits: [36m394036[0m
2024-08-22 11:25:13,674 - INFO - Location: [32mJacksonville, Florida[0m, Day: [35m0[0m, Check digits: [36m660371[0m
2024-08-22 13:56:23,486 - INFO - Location: [32mDes Moines[0m, Day: [35m0[0m, Check digits: [36m357812[0m
2024-08-22 13:56:40,466 - INFO - Location: [32mDes Moines[0m, Day: [35m0[0m, Check digits: [36m687666[0m
2024-08-22 13:56:54,946 - INFO - Location: [32mDes Moines[0m, Day: [35m0[0m, Check digits: [36m460237[0m
2024-08-22 13:57:05,360 - INFO - Location: [32mDes Moines[0m, Day: [35m1[0m, Check digits: [36m452782[0m
2024-08-22 13:57:12,377 - INFO - Location: [32mDes Moines[0m, Day: [35m1[0m, Check digits: [36m316305[0m
2024-08-22 13:57:19,373 - INFO - Location: [32mDes Moines[0m, Day: [35m1[0m, Check digits: [36m656742[0m
2024-08-22 13:57:26,397 - INFO - Location: [32mDes Moines[0m, Day: [35m1[0m, Check digits: [36m200324[0m
2024-08-22 13:57:33,607 - INFO - Location: [32mDes Moines[0m, Day: [35m1[0m, Check digits: [36m864329[0m
2024-08-22 13:57:49,049 - INFO - Location: [32mGrayson[0m, Day: [35m0[0m, Check digits: [36m214676[0m
2024-08-22 13:58:13,491 - INFO - Location: [32mGrayson[0m, Day: [35m1[0m, Check digits: [36m895941[0m
2024-08-22 13:58:20,670 - INFO - Location: [32mGrayson[0m, Day: [35m1[0m, Check digits: [36m104086[0m
2024-08-22 13:58:27,690 - INFO - Location: [32mGrayson[0m, Day: [35m1[0m, Check digits: [36m272856[0m
2024-08-22 13:58:34,688 - INFO - Location: [32mGrayson[0m, Day: [35m1[0m, Check digits: [36m442947[0m
2024-08-22 19:49:43,299 - INFO - Location: [32mVirginia Beach[0m, Day: [35m0[0m, Check digits: [36m309752[0m
2024-08-22 19:49:58,315 - INFO - Location: [32mVirginia Beach[0m, Day: [35m1[0m, Check digits: [36m292189[0m
2024-08-23 06:16:25,978 - INFO - Location: [32mtopeka[0m, Day: [35m0[0m, Check digits: [36m956341[0m
2024-08-23 06:16:48,224 - INFO - Location: [32mtopeka[0m, Day: [35m1[0m, Check digits: [36m987223[0m
2024-08-23 06:19:39,834 - INFO - Location: [32mtopeka[0m, Day: [35m0[0m, Check digits: [36m935599[0m
2024-08-23 12:49:26,086 - INFO - Location: [32mBeaverton, OR[0m, Day: [35m0[0m, Check digits: [36m259585[0m
2024-08-23 12:49:40,866 - INFO - Location: [32mBeaverton, OR[0m, Day: [35m0[0m, Check digits: [36m987724[0m
2024-08-23 12:50:10,147 - INFO - Location: [32mBeaverton, OR[0m, Day: [35m1[0m, Check digits: [36m851427[0m
2024-08-23 12:51:06,909 - INFO - Location: [32mBeaverton, OR[0m, Day: [35m2[0m, Check digits: [36m813171[0m
2024-08-23 12:51:14,065 - INFO - Location: [32mBeaverton, OR[0m, Day: [35m3[0m, Check digits: [36m428838[0m
2024-08-23 12:51:21,089 - INFO - Location: [32mBeaverton, OR[0m, Day: [35m2[0m, Check digits: [36m405048[0m
2024-08-23 12:51:28,095 - INFO - Location: [32mBeaverton, OR[0m, Day: [35m1[0m, Check digits: [36m268637[0m
2024-08-23 12:51:43,535 - INFO - Location: [32mBeaverton, OR[0m, Day: [35m0[0m, Check digits: [36m541089[0m
2024-08-23 12:51:59,246 - INFO - Location: [32mBeaverton, OR[0m, Day: [35m0[0m, Check digits: [36m664003[0m
2024-08-23 12:52:05,272 - INFO - Location: [32mBeaverton, OR[0m, Day: [35m0[0m, Check digits: [36m947168[0m
2024-08-23 12:52:20,804 - INFO - Location: [32mBeaverton, OR[0m, Day: [35m0[0m, Check digits: [36m355756[0m
2024-08-23 13:10:47,485 - INFO - Location: [32mDubuque[0m, Day: [35m0[0m, Check digits: [36m433873[0m
2024-08-23 13:10:59,056 - INFO - Location: [32mDubuque[0m, Day: [35m1[0m, Check digits: [36m809717[0m
2024-08-23 13:11:09,239 - INFO - Location: [32mDubuque[0m, Day: [35m2[0m, Check digits: [36m600734[0m
2024-08-23 19:40:14,736 - INFO - Location: [32mkirkwood[0m, Day: [35m0[0m, Check digits: [36m443194[0m
2024-08-23 21:26:28,994 - INFO - Location: [32mtokyo[0m, Day: [35m0[0m, Check digits: [36m542080[0m
2024-08-23 21:26:42,738 - INFO - Location: [32mtokyo[0m, Day: [35m1[0m, Check digits: [36m653883[0m
2024-08-23 21:26:52,933 - INFO - Location: [32mTokyo[0m, Day: [35m0[0m, Check digits: [36m109227[0m
2024-08-24 16:57:38,050 - INFO - Location: [32mCanberra, Australia[0m, Day: [35m0[0m, Check digits: [36m457770[0m
2024-08-24 16:57:55,008 - INFO - Location: [32mCanberra, Australia[0m, Day: [35m0[0m, Check digits: [36m770874[0m
2024-08-24 22:21:01,713 - INFO - Location: [32mRockford[0m, Day: [35m0[0m, Check digits: [36m945493[0m
2024-08-24 22:21:19,701 - INFO - Location: [32mRockford[0m, Day: [35m1[0m, Check digits: [36m464464[0m
2024-08-24 22:21:27,744 - INFO - Location: [32mRockford[0m, Day: [35m1[0m, Check digits: [36m219760[0m
2024-08-25 08:37:26,141 - INFO - Location: [32mNew Delhi[0m, Day: [35m0[0m, Check digits: [36m816435[0m
2024-08-25 08:38:24,142 - INFO - Location: [32mNew Delhi[0m, Day: [35m1[0m, Check digits: [36m285936[0m
2024-08-25 08:38:37,601 - INFO - Location: [32mNew Delhi[0m, Day: [35m1[0m, Check digits: [36m537011[0m
2024-08-25 08:39:14,082 - INFO - Location: [32mKabul[0m, Day: [35m0[0m, Check digits: [36m477763[0m
2024-08-25 08:39:26,700 - INFO - Location: [32mSex[0m, Day: [35m0[0m, Check digits: [36m867855[0m
2024-08-25 08:39:48,932 - INFO - Location: [32mTokyo[0m, Day: [35m0[0m, Check digits: [36m936421[0m
2024-08-25 08:39:56,149 - INFO - Location: [32mTokyo[0m, Day: [35m1[0m, Check digits: [36m574516[0m
2024-08-25 09:31:38,330 - INFO - Location: [32mDetroit, mi[0m, Day: [35m0[0m, Check digits: [36m103268[0m
2024-08-25 09:32:00,758 - INFO - Location: [32mDetroit, mi[0m, Day: [35m1[0m, Check digits: [36m916828[0m
2024-08-25 09:32:09,855 - INFO - Location: [32mDetroit, mi[0m, Day: [35m2[0m, Check digits: [36m980000[0m
2024-08-25 10:10:51,184 - INFO - Location: [32mOttawa[0m, Day: [35m0[0m, Check digits: [36m320392[0m
2024-08-25 10:12:22,948 - INFO - Location: [32mOttawa[0m, Day: [35m0[0m, Check digits: [36m815861[0m
2024-08-25 10:12:48,291 - INFO - Location: [32mOttawa[0m, Day: [35m1[0m, Check digits: [36m807417[0m
2024-08-25 10:12:57,399 - INFO - Location: [32mMontrea[0m, Day: [35m0[0m, Check digits: [36m846502[0m
2024-08-25 13:02:57,509 - INFO - Location: [32mPhoenix[0m, Day: [35m0[0m, Check digits: [36m299368[0m
2024-08-25 13:03:14,509 - INFO - Location: [32mPhoenix[0m, Day: [35m0[0m, Check digits: [36m547854[0m
2024-08-25 13:03:36,284 - INFO - Location: [32mChandler, AZ[0m, Day: [35m0[0m, Check digits: [36m198309[0m
2024-08-25 13:54:25,779 - INFO - Location: [32mChandler[0m, Day: [35m0[0m, Check digits: [36m281815[0m
2024-08-25 13:56:22,952 - INFO - Location: [32mChandler[0m, Day: [35m1[0m, Check digits: [36m581049[0m
2024-08-25 17:50:16,087 - INFO - Location: [32mEl Cerrito[0m, Day: [35m0[0m, Check digits: [36m883016[0m
2024-08-26 09:18:49,309 - INFO - Location: [32msan francisco[0m, Day: [35m0[0m, Check digits: [36m145031[0m
2024-08-26 11:15:03,122 - INFO - Location: [32mLondon[0m, Day: [35m0[0m, Check digits: [36m634391[0m
2024-08-26 14:35:25,057 - INFO - Location: [32mLondon [0m, Day: [35m0[0m, Check digits: [36m251137[0m
2024-08-26 14:35:45,239 - INFO - Location: [32mLondon [0m, Day: [35m1[0m, Check digits: [36m319260[0m
2024-08-26 14:35:54,335 - INFO - Location: [32mLondon [0m, Day: [35m0[0m, Check digits: [36m132745[0m
2024-08-26 14:36:07,868 - INFO - Location: [32mLondon [0m, Day: [35m0[0m, Check digits: [36m114170[0m
2024-08-26 15:47:32,133 - INFO - Location: [32mChandler[0m, Day: [35m0[0m, Check digits: [36m544232[0m
2024-08-26 19:01:55,335 - INFO - Location: [32malaska[0m, Day: [35m0[0m, Check digits: [36m100598[0m
2024-08-26 19:02:22,853 - INFO - Location: [32mAnchorage[0m, Day: [35m0[0m, Check digits: [36m561838[0m
2024-08-26 19:03:16,633 - INFO - Location: [32mAnchorage[0m, Day: [35m1[0m, Check digits: [36m528359[0m
2024-08-26 19:03:23,796 - INFO - Location: [32mAnchorage[0m, Day: [35m0[0m, Check digits: [36m690827[0m
2024-08-26 19:20:09,881 - INFO - Location: [32mmontreal[0m, Day: [35m0[0m, Check digits: [36m782014[0m
2024-08-26 19:20:54,362 - INFO - Location: [32mmontreal[0m, Day: [35m0[0m, Check digits: [36m160668[0m
2024-08-26 19:21:01,652 - INFO - Location: [32mmontreal[0m, Day: [35m1[0m, Check digits: [36m661970[0m
2024-08-26 19:21:10,788 - INFO - Location: [32mmontreal[0m, Day: [35m0[0m, Check digits: [36m151855[0m
2024-08-26 19:21:37,085 - INFO - Location: [32mmontreal[0m, Day: [35m1[0m, Check digits: [36m297242[0m
2024-08-26 19:21:44,282 - INFO - Location: [32mNdg[0m, Day: [35m0[0m, Check digits: [36m317809[0m
2024-08-26 19:22:00,880 - INFO - Location: [32mNotre Dame De Grace[0m, Day: [35m0[0m, Check digits: [36m186337[0m
2024-08-26 19:22:17,539 - INFO - Location: [32mwestmount[0m, Day: [35m0[0m, Check digits: [36m704309[0m
2024-08-26 19:22:31,207 - INFO - Location: [32mYUL[0m, Day: [35m0[0m, Check digits: [36m869335[0m
2024-08-26 19:23:17,630 - INFO - Location: [32mVilla maria [0m, Day: [35m0[0m, Check digits: [36m722142[0m
2024-08-26 19:23:25,686 - INFO - Location: [32mVilla maria [0m, Day: [35m1[0m, Check digits: [36m935798[0m
2024-08-26 19:23:32,685 - INFO - Location: [32m[0m, Day: [35m0[0m, Check digits: [36m485416[0m
2024-08-26 19:24:24,009 - INFO - Location: [32mMontreal[0m, Day: [35m0[0m, Check digits: [36m542695[0m
2024-08-26 19:25:14,592 - INFO - Location: [32mbartesville[0m, Day: [35m0[0m, Check digits: [36m632065[0m
2024-08-26 19:25:27,326 - INFO - Location: [32mbartesville[0m, Day: [35m1[0m, Check digits: [36m107452[0m
2024-08-26 21:13:32,698 - INFO - Location: [32mKennesaw[0m, Day: [35m0[0m, Check digits: [36m163942[0m
2024-08-26 21:13:45,578 - INFO - Location: [32mKennesaw[0m, Day: [35m1[0m, Check digits: [36m763001[0m
2024-08-26 21:14:13,647 - INFO - Location: [32mKennesaw[0m, Day: [35m2[0m, Check digits: [36m490429[0m
2024-08-26 21:14:41,950 - INFO - Location: [32mKennesaw[0m, Day: [35m3[0m, Check digits: [36m735643[0m
2024-08-26 21:14:56,520 - INFO - Location: [32mKennesaw[0m, Day: [35m3[0m, Check digits: [36m983273[0m
2024-08-27 11:32:02,768 - INFO - Location: [32mNorth Carolina[0m, Day: [35m0[0m, Check digits: [36m221901[0m
2024-08-27 11:32:10,307 - INFO - Location: [32mNorth Carolina[0m, Day: [35m1[0m, Check digits: [36m338031[0m
2024-08-27 11:32:19,445 - INFO - Location: [32mNorth Carolina[0m, Day: [35m2[0m, Check digits: [36m227598[0m
2024-08-27 19:47:40,878 - INFO - Location: [32mLos Angeles[0m, Day: [35m0[0m, Check digits: [36m247729[0m
2024-08-27 19:47:57,800 - INFO - Location: [32mLos Angeles[0m, Day: [35m1[0m, Check digits: [36m401183[0m
2024-08-27 19:48:58,502 - INFO - Location: [32mLos Angeles[0m, Day: [35m2[0m, Check digits: [36m890017[0m
2024-08-28 05:52:23,484 - INFO - Location: [32mtokyo[0m, Day: [35m0[0m, Check digits: [36m436148[0m
2024-08-28 05:52:36,620 - INFO - Location: [32mtokyo[0m, Day: [35m1[0m, Check digits: [36m890382[0m
2024-08-28 10:09:12,266 - INFO - Location: [32mPennsylvania [0m, Day: [35m0[0m, Check digits: [36m278771[0m
2024-08-28 10:42:18,317 - INFO - Location: [32mMechanicsburg[0m, Day: [35m0[0m, Check digits: [36m652555[0m
2024-08-28 10:43:22,962 - INFO - Location: [32mMechanicsburg[0m, Day: [35m1[0m, Check digits: [36m298150[0m
2024-08-28 10:43:55,752 - INFO - Location: [32mMechanicsburg[0m, Day: [35m0[0m, Check digits: [36m994708[0m
2024-08-28 10:44:12,628 - INFO - Location: [32mHarrisburge[0m, Day: [35m0[0m, Check digits: [36m243007[0m
2024-08-28 10:44:24,159 - INFO - Location: [32mHarrisburg[0m, Day: [35m0[0m, Check digits: [36m678746[0m
2024-08-28 10:44:39,320 - INFO - Location: [32mMechanicsburg[0m, Day: [35m0[0m, Check digits: [36m283185[0m
2024-08-28 19:27:00,098 - INFO - Location: [32msan francisco[0m, Day: [35m0[0m, Check digits: [36m618774[0m
2024-08-28 19:27:07,521 - INFO - Location: [32mhong kong[0m, Day: [35m0[0m, Check digits: [36m199669[0m
2024-08-29 06:15:07,025 - INFO - Location: [32mlerum[0m, Day: [35m0[0m, Check digits: [36m562139[0m
2024-08-29 06:15:25,159 - INFO - Location: [32mlerum[0m, Day: [35m1[0m, Check digits: [36m833810[0m
2024-08-29 06:16:10,250 - INFO - Location: [32mfloda[0m, Day: [35m0[0m, Check digits: [36m523763[0m
2024-08-29 19:16:23,961 - INFO - Location: [32mFrisco[0m, Day: [35m0[0m, Check digits: [36m743122[0m
2024-08-29 19:16:31,388 - INFO - Location: [32mFrisco[0m, Day: [35m1[0m, Check digits: [36m226430[0m
2024-08-29 19:16:38,412 - INFO - Location: [32mFrisco[0m, Day: [35m2[0m, Check digits: [36m673691[0m
2024-08-29 19:16:45,426 - INFO - Location: [32mFrisco[0m, Day: [35m3[0m, Check digits: [36m154993[0m
2024-08-29 19:17:10,492 - INFO - Location: [32mXiamen[0m, Day: [35m0[0m, Check digits: [36m635551[0m
2024-08-29 19:17:31,522 - INFO - Location: [32mXiamen[0m, Day: [35m1[0m, Check digits: [36m503615[0m
2024-08-30 04:47:47,952 - INFO - Location: [32mlondon[0m, Day: [35m0[0m, Check digits: [36m732005[0m
2024-08-30 04:48:14,590 - INFO - Location: [32msheffield[0m, Day: [35m0[0m, Check digits: [36m682625[0m
2024-08-30 05:19:28,980 - INFO - Location: [32mRomulus, mi[0m, Day: [35m0[0m, Check digits: [36m241937[0m
2024-08-30 05:19:36,709 - INFO - Location: [32mRomulus, mi[0m, Day: [35m1[0m, Check digits: [36m974827[0m
2024-08-30 18:15:40,037 - INFO - Location: [32mSan Fransisco[0m, Day: [35m0[0m, Check digits: [36m854974[0m
2024-08-30 18:15:50,635 - INFO - Location: [32mSan Fransisco[0m, Day: [35m1[0m, Check digits: [36m422014[0m
2024-08-30 18:25:11,030 - INFO - Location: [32mr[0m, Day: [35m0[0m, Check digits: [36m779254[0m
2024-08-30 18:25:17,447 - INFO - Location: [32mr[0m, Day: [35m1[0m, Check digits: [36m929281[0m
2024-08-30 23:06:14,819 - INFO - Location: [32mCrystal[0m, Day: [35m0[0m, Check digits: [36m895731[0m
2024-08-30 23:06:24,525 - INFO - Location: [32mCrystal[0m, Day: [35m1[0m, Check digits: [36m927366[0m
2024-08-30 23:06:31,532 - INFO - Location: [32mCrystal[0m, Day: [35m1[0m, Check digits: [36m735803[0m
2024-08-31 06:54:52,818 - INFO - Location: [32mMonmouth[0m, Day: [35m0[0m, Check digits: [36m559243[0m
2024-08-31 06:55:18,223 - INFO - Location: [32mMonmouth[0m, Day: [35m1[0m, Check digits: [36m614290[0m
2024-08-31 06:56:38,135 - INFO - Location: [32mMonmouth[0m, Day: [35m2[0m, Check digits: [36m880775[0m
2024-08-31 06:56:45,157 - INFO - Location: [32mMonmouth[0m, Day: [35m2[0m, Check digits: [36m880775[0m
2024-08-31 06:56:52,179 - INFO - Location: [32mMonmouth[0m, Day: [35m2[0m, Check digits: [36m573987[0m
2024-08-31 06:56:59,187 - INFO - Location: [32mMonmouth[0m, Day: [35m2[0m, Check digits: [36m573987[0m
2024-08-31 06:57:06,201 - INFO - Location: [32mMonmouth[0m, Day: [35m2[0m, Check digits: [36m287883[0m
2024-08-31 06:57:13,226 - INFO - Location: [32mMonmouth[0m, Day: [35m2[0m, Check digits: [36m287883[0m
2024-08-31 06:57:20,237 - INFO - Location: [32mMonmouth[0m, Day: [35m2[0m, Check digits: [36m585989[0m
2024-08-31 06:57:27,247 - INFO - Location: [32mMonmouth[0m, Day: [35m2[0m, Check digits: [36m585989[0m
2024-08-31 06:57:34,268 - INFO - Location: [32mMonmouth[0m, Day: [35m2[0m, Check digits: [36m331654[0m
2024-08-31 06:57:44,157 - INFO - Location: [32mMonmouth[0m, Day: [35m2[0m, Check digits: [36m757726[0m
2024-08-31 06:57:51,202 - INFO - Location: [32mMonmouth[0m, Day: [35m2[0m, Check digits: [36m757726[0m
2024-08-31 06:57:58,237 - INFO - Location: [32mMonmouth[0m, Day: [35m2[0m, Check digits: [36m185498[0m
2024-08-31 06:58:05,260 - INFO - Location: [32mMonmouth[0m, Day: [35m2[0m, Check digits: [36m185498[0m
2024-08-31 06:58:12,266 - INFO - Location: [32mMonmouth[0m, Day: [35m2[0m, Check digits: [36m223908[0m
2024-08-31 06:58:19,273 - INFO - Location: [32mMonmouth[0m, Day: [35m2[0m, Check digits: [36m223908[0m
2024-08-31 06:58:26,299 - INFO - Location: [32mMonmouth[0m, Day: [35m2[0m, Check digits: [36m857515[0m
2024-08-31 06:58:33,312 - INFO - Location: [32mMonmouth[0m, Day: [35m2[0m, Check digits: [36m857515[0m
2024-08-31 07:27:19,783 - INFO - Location: [32mGermantown[0m, Day: [35m0[0m, Check digits: [36m679535[0m
2024-08-31 07:27:32,524 - INFO - Location: [32mGermantown[0m, Day: [35m1[0m, Check digits: [36m954449[0m
2024-08-31 07:30:30,169 - INFO - Location: [32mHouston[0m, Day: [35m0[0m, Check digits: [36m513303[0m
2024-08-31 07:30:45,895 - INFO - Location: [32mHouston[0m, Day: [35m0[0m, Check digits: [36m442635[0m
2024-08-31 07:38:41,706 - INFO - Location: [32mSan Francisco[0m, Day: [35m0[0m, Check digits: [36m309710[0m
2024-08-31 07:42:23,152 - INFO - Location: [32mHouston[0m, Day: [35m0[0m, Check digits: [36m497470[0m
2024-08-31 07:42:48,288 - INFO - Location: [32m/()[0m, Day: [35m0[0m, Check digits: [36m173215[0m
2024-08-31 08:52:11,364 - INFO - Location: [32mPrestwich[0m, Day: [35m0[0m, Check digits: [36m477737[0m
2024-08-31 08:52:19,962 - INFO - Location: [32mPrestwich[0m, Day: [35m1[0m, Check digits: [36m558077[0m
2024-08-31 08:52:55,502 - INFO - Location: [32mPrestwich[0m, Day: [35m0[0m, Check digits: [36m251891[0m
2024-08-31 08:53:15,338 - INFO - Location: [32mPrestwich[0m, Day: [35m1[0m, Check digits: [36m822268[0m
2024-08-31 15:49:08,870 - INFO - Location: [32mFort Collins[0m, Day: [35m0[0m, Check digits: [36m789105[0m
2024-08-31 15:49:24,721 - INFO - Location: [32mFort Collins[0m, Day: [35m0[0m, Check digits: [36m833603[0m
2024-08-31 15:49:41,235 - INFO - Location: [32mFort Collins[0m, Day: [35m0[0m, Check digits: [36m181193[0m
2024-08-31 15:50:22,218 - INFO - Location: [32mFort Collins[0m, Day: [35m1[0m, Check digits: [36m413077[0m
2024-08-31 15:52:24,194 - INFO - Location: [32mFort Collins[0m, Day: [35m2[0m, Check digits: [36m583740[0m
2024-08-31 15:52:31,203 - INFO - Location: [32mFort Collins[0m, Day: [35m2[0m, Check digits: [36m583740[0m
2024-08-31 15:52:38,217 - INFO - Location: [32mFort Collins[0m, Day: [35m2[0m, Check digits: [36m583740[0m
2024-08-31 15:52:45,223 - INFO - Location: [32mFort Collins[0m, Day: [35m2[0m, Check digits: [36m284200[0m
2024-08-31 15:52:52,238 - INFO - Location: [32mFort Collins[0m, Day: [35m2[0m, Check digits: [36m341832[0m
2024-08-31 15:52:59,246 - INFO - Location: [32mFort Collins[0m, Day: [35m2[0m, Check digits: [36m341832[0m
2024-08-31 15:53:06,261 - INFO - Location: [32mFort Collins[0m, Day: [35m2[0m, Check digits: [36m179633[0m
2024-08-31 15:53:13,285 - INFO - Location: [32mFort Collins[0m, Day: [35m2[0m, Check digits: [36m179633[0m
2024-08-31 15:53:20,299 - INFO - Location: [32mFort Collins[0m, Day: [35m2[0m, Check digits: [36m179633[0m
2024-08-31 15:53:27,297 - INFO - Location: [32mFort Collins[0m, Day: [35m2[0m, Check digits: [36m179633[0m
2024-08-31 15:53:34,283 - INFO - Location: [32mFort Collins[0m, Day: [35m2[0m, Check digits: [36m179633[0m
2024-08-31 15:53:41,294 - INFO - Location: [32mFort Collins[0m, Day: [35m2[0m, Check digits: [36m179633[0m
2024-08-31 15:53:48,278 - INFO - Location: [32mFort Collins[0m, Day: [35m2[0m, Check digits: [36m179633[0m
2024-08-31 15:53:55,284 - INFO - Location: [32mFort Collins[0m, Day: [35m2[0m, Check digits: [36m179633[0m
2024-08-31 15:54:02,309 - INFO - Location: [32mFort Collins[0m, Day: [35m2[0m, Check digits: [36m179633[0m
2024-08-31 15:54:09,294 - INFO - Location: [32mFort Collins[0m, Day: [35m2[0m, Check digits: [36m179633[0m
2024-08-31 15:54:16,484 - INFO - Location: [32mFort Collins[0m, Day: [35m2[0m, Check digits: [36m179633[0m
2024-08-31 18:07:24,988 - INFO - Location: [32mSan francisco[0m, Day: [35m0[0m, Check digits: [36m336752[0m
2024-08-31 18:07:52,740 - INFO - Location: [32msacramento[0m, Day: [35m0[0m, Check digits: [36m700010[0m
2024-08-31 18:08:23,237 - INFO - Location: [32msacramento[0m, Day: [35m1[0m, Check digits: [36m563170[0m
2024-08-31 19:36:13,309 - INFO - Location: [32mSt. Petersburg[0m, Day: [35m0[0m, Check digits: [36m782108[0m
2024-08-31 19:36:40,862 - INFO - Location: [32mSt. Petersburg[0m, Day: [35m1[0m, Check digits: [36m953525[0m
2024-08-31 19:36:49,124 - INFO - Location: [32mSt. Petersburg[0m, Day: [35m0[0m, Check digits: [36m965914[0m
2024-09-02 14:22:22,092 - INFO - Location: [32mChattanooga[0m, Day: [35m0[0m, Check digits: [36m302130[0m
2024-09-02 14:23:27,611 - INFO - Location: [32mChattanooga[0m, Day: [35m1[0m, Check digits: [36m363317[0m
2024-09-02 16:07:44,125 - INFO - Location: [32mboston[0m, Day: [35m0[0m, Check digits: [36m518016[0m
2024-09-02 16:07:52,750 - INFO - Location: [32mboston[0m, Day: [35m1[0m, Check digits: [36m276431[0m
2024-09-02 16:07:59,765 - INFO - Location: [32mboston[0m, Day: [35m0[0m, Check digits: [36m187560[0m
2024-09-02 19:25:24,179 - INFO - Location: [32mColumbus Indiana [0m, Day: [35m0[0m, Check digits: [36m518285[0m
2024-09-02 19:25:51,821 - INFO - Location: [32mColumbus Indiana [0m, Day: [35m1[0m, Check digits: [36m342420[0m
2024-09-02 19:25:59,031 - INFO - Location: [32mColumbus Indiana [0m, Day: [35m2[0m, Check digits: [36m978006[0m
2024-09-03 08:45:29,694 - INFO - Location: [32mIreland[0m, Day: [35m0[0m, Check digits: [36m654447[0m
Traceback (most recent call last):
  File "/home/ec2-user/.local/lib/python3.7/site-packages/urllib3/connection.py", line 175, in _new_conn
    (self._dns_host, self.port), self.timeout, **extra_kw
  File "/home/ec2-user/.local/lib/python3.7/site-packages/urllib3/util/connection.py", line 95, in create_connection
    raise err
  File "/home/ec2-user/.local/lib/python3.7/site-packages/urllib3/util/connection.py", line 85, in create_connection
    sock.connect(sa)
TimeoutError: [Errno 110] Connection timed out

During handling of the above exception, another exception occurred:

Traceback (most recent call last):
  File "/home/ec2-user/.local/lib/python3.7/site-packages/urllib3/connectionpool.py", line 710, in urlopen
    chunked=chunked,
  File "/home/ec2-user/.local/lib/python3.7/site-packages/urllib3/connectionpool.py", line 398, in _make_request
    conn.request(method, url, **httplib_request_kw)
  File "/home/ec2-user/.local/lib/python3.7/site-packages/urllib3/connection.py", line 239, in request
    super(HTTPConnection, self).request(method, url, body=body, headers=headers)
  File "/usr/lib64/python3.7/http/client.py", line 1277, in request
    self._send_request(method, url, body, headers, encode_chunked)
  File "/usr/lib64/python3.7/http/client.py", line 1323, in _send_request
    self.endheaders(body, encode_chunked=encode_chunked)
  File "/usr/lib64/python3.7/http/client.py", line 1272, in endheaders
    self._send_output(message_body, encode_chunked=encode_chunked)
  File "/usr/lib64/python3.7/http/client.py", line 1032, in _send_output
    self.send(msg)
  File "/usr/lib64/python3.7/http/client.py", line 972, in send
    self.connect()
  File "/home/ec2-user/.local/lib/python3.7/site-packages/urllib3/connection.py", line 205, in connect
    conn = self._new_conn()
  File "/home/ec2-user/.local/lib/python3.7/site-packages/urllib3/connection.py", line 187, in _new_conn
    self, "Failed to establish a new connection: %s" % e
urllib3.exceptions.NewConnectionError: <urllib3.connection.HTTPConnection object at 0x7fcf5f231290>: Failed to establish a new connection: [Errno 110] Connection timed out

During handling of the above exception, another exception occurred:

Traceback (most recent call last):
  File "/home/ec2-user/.local/lib/python3.7/site-packages/requests/adapters.py", line 499, in send
    timeout=timeout,
  File "/home/ec2-user/.local/lib/python3.7/site-packages/urllib3/connectionpool.py", line 786, in urlopen
    method, url, error=e, _pool=self, _stacktrace=sys.exc_info()[2]
  File "/home/ec2-user/.local/lib/python3.7/site-packages/urllib3/util/retry.py", line 592, in increment
    raise MaxRetryError(_pool, url, error or ResponseError(cause))
urllib3.exceptions.MaxRetryError: HTTPConnectionPool(host='wttr.in', port=80): Max retries exceeded with url: /Ireland?format=j1 (Caused by NewConnectionError('<urllib3.connection.HTTPConnection object at 0x7fcf5f231290>: Failed to establish a new connection: [Errno 110] Connection timed out'))

During handling of the above exception, another exception occurred:

Traceback (most recent call last):
  File "weather.py", line 177, in <module>
    cwdata, code = currentweather(location, checkdigits)
  File "weather.py", line 55, in currentweather
    data, code = weather(location)
  File "weather.py", line 41, in weather
    response = requests.get(url)
  File "/home/ec2-user/.local/lib/python3.7/site-packages/requests/api.py", line 73, in get
    return request("get", url, params=params, **kwargs)
  File "/home/ec2-user/.local/lib/python3.7/site-packages/requests/api.py", line 59, in request
    return session.request(method=method, url=url, **kwargs)
  File "/home/ec2-user/.local/lib/python3.7/site-packages/requests/sessions.py", line 587, in request
    resp = self.send(prep, **send_kwargs)
  File "/home/ec2-user/.local/lib/python3.7/site-packages/requests/sessions.py", line 701, in send
    r = adapter.send(request, **kwargs)
  File "/home/ec2-user/.local/lib/python3.7/site-packages/requests/adapters.py", line 565, in send
    raise ConnectionError(e, request=request)
requests.exceptions.ConnectionError: HTTPConnectionPool(host='wttr.in', port=80): Max retries exceeded with url: /Ireland?format=j1 (Caused by NewConnectionError('<urllib3.connection.HTTPConnection object at 0x7fcf5f231290>: Failed to establish a new connection: [Errno 110] Connection timed out'))
